Removed Pin From Net: NetName=RESET Pin=C10-2
Removed Pin From Net: NetName=12V Pin=C52-2
Removed Pin From Net: NetName=GND Pin=C107-1
Removed Pin From Net: NetName=12V Pin=C107-2
Removed Pin From Net: NetName=GND Pin=C117-1
Removed Pin From Net: NetName=+5V Pin=D20-2
Removed Pin From Net: NetName=RESET Pin=J1-44
Removed Pin From Net: NetName=+5V Pin=J11-1
Removed Pin From Net: NetName=RESET Pin=R20-2
Removed Pin From Net: NetName=12V Pin=R38-2
Removed Pin From Net: NetName=GND Pin=R100-2
Removed Pin From Net: NetName=12V Pin=U2-7
Removed Pin From Net: NetName=3V3 Pin=U8-4
Removed Pin From Net: NetName=PB12 Pin=U9-9
Removed Pin From Net: NetName=PB13 Pin=U9-10
Removed Pin From Net: NetName=PB14 Pin=U9-11
Removed Pin From Net: NetName=PB15 Pin=U9-12
Removed Pin From Net: NetName=52832RESET Pin=U9-24
Removed Pin From Net: NetName=NRFU_RX Pin=U9-40
Removed Pin From Net: NetName=NRFU_TX Pin=U9-41
Removed Member From Class: ClassName=POWER Member=C107
Removed Member From Class: ClassName=POWER Member=C116
Removed Member From Class: ClassName=407VS429 Member=C117
Removed Member From Class: ClassName=POWER Member=D20
Removed Member From Class: ClassName=POWER Member=R100
Change Component DesignItemId : Designator=J10 Old DesignItemId=Header 7 New DesignItemId=HERDER10
Change Component Footprint: Designator=C48 Old Footprint=0603T New Footprint=1206
Change Component Footprint: Designator=C49 Old Footprint=0603T New Footprint=1206
Change Component Footprint: Designator=C50 Old Footprint=0603T New Footprint=1206
Change Component Footprint: Designator=C52 Old Footprint=0603T New Footprint=1206
Change Component Footprint: Designator=C98 Old Footprint=0603T New Footprint=CAP-SIP
Change Component Footprint: Designator=C6 Old Footprint=CAP-SIP New Footprint=0603T
Change Component Footprint: Designator=C16 Old Footprint=CAP-SIP New Footprint=0603T
Change Component Footprint: Designator=C15 Old Footprint=CAP-SIP New Footprint=1206
Change Component Comment : Designator=J10 Old Comment=Header 7 New Comment=HERDER10
Change Component Designator: OldDesignator=C7 NewDesignator=C7的标号接了个R
Change Component Designator: OldDesignator=C116 NewDesignator=C1
Change Component Description : Designator=J10 Old Description=Header, 7-Pin New Description=
Change Component Library : Designator=U9 Old Library=Sui.SCHLIB New Library=YQ.SchLib
Added Component: Designator=C73(0603T)
Added Component: Designator=C99(0603T)
Added Component: Designator=R72(2512公制6432)
Added Pin To Net: NetName=GND Pin=C73-1
Added Pin To Net: NetName=NetC73_2 Pin=C73-2
Added Pin To Net: NetName=GND Pin=C99-1
Added Pin To Net: NetName=3V3 Pin=J11-1
Added Pin To Net: NetName=NetC73_2 Pin=R72-1
Added Pin To Net: NetName=+5V Pin=R72-2
Added Pin To Net: NetName=I2C1_SCL Pin=S2-2
Added Pin To Net: NetName=PA14 Pin=SWD1-2
Added Pin To Net: NetName=PA13 Pin=SWD1-3
Added Pin To Net: NetName=I2C1_SCL Pin=U3-115
Added Pin To Net: NetName=NRFU_RX Pin=U9-22
Added Pin To Net: NetName=NRFU_TX Pin=U9-23
Added Pin To Net: NetName=PA14 Pin=U9-25
Added Pin To Net: NetName=PA13 Pin=U9-26
Added Pin To Net: NetName=PB15 Pin=U9-40
Added Pin To Net: NetName=PB14 Pin=U9-41
Added Pin To Net: NetName=PB13 Pin=U9-42
Added Pin To Net: NetName=PB12 Pin=U9-43
Added Pin To Net: NetName=52832RESET Pin=U9-44
Change Net Name : Old Net Name=NetC116_1 New Net Name=NetC1_1
Added Pin To Net: NetName=LCD_RST Pin=C10-2
Added Pin To Net: NetName=LCD_RST Pin=J1-44
Added Pin To Net: NetName=LCD_RST Pin=R20-2
Added Net: Name=LCD_RST
Added Pin To Net: NetName=NetC52_2 Pin=C52-2
Added Pin To Net: NetName=NetC52_2 Pin=R38-2
Added Pin To Net: NetName=NetC52_2 Pin=U2-7
Added Net: Name=NetC52_2
Added Pin To Net: NetName=NetC99_2 Pin=C99-2
Added Pin To Net: NetName=NetC99_2 Pin=U12-10
Added Net: Name=NetC99_2
Added Member To Class: ClassName=POWER Member=Component C1 0.33UF
Added Member To Class: ClassName=407VS429 Member=Component C73 105
Added Member To Class: ClassName=407VS429 Member=Component C99 104
Added Member To Class: ClassName=407VS429 Member=Component R72 Res2
Added Room: Name=407VS429
Added Room: Name=POWER
