Removed Pin From Net: NetName=12V Pin=J10-1
Removed Pin From Net: NetName=GND Pin=J10-2
Removed Pin From Net: NetName=TPTX+ Pin=J10-3
Removed Pin From Net: NetName=TPTX- Pin=J10-4
Removed Pin From Net: NetName=TPRX+ Pin=J10-5
Removed Pin From Net: NetName=TPRX- Pin=J10-6
Removed Pin From Net: NetName=LINK_LED Pin=J10-7
Removed Pin From Net: NetName=+5V Pin=J11-1
Removed Pin From Net: NetName=PA13 Pin=J11-2
Removed Pin From Net: NetName=PA14 Pin=J11-3
Removed Pin From Net: NetName=GND Pin=J11-4
Removed Member From Class: ClassName=POWER Member=C116
Removed Member From Class: ClassName=POWER Member=J10
Change Component DesignItemId : Designator=J11 Old DesignItemId=Header 4 New DesignItemId=Header 7
Change Component Footprint: Designator=J11 Old Footprint=HDR1X4 New Footprint=PH2.0Á¢Ö±-7PIN
Change Component Comment : Designator=J11 Old Comment=SWD New Comment=Header 7
Added Component: Designator=J11(HDR1X4)
Added Pin To Net: NetName=12V Pin=J11-1
Added Pin To Net: NetName=+5V Pin=J11-1
Added Pin To Net: NetName=GND Pin=J11-2
Added Pin To Net: NetName=PA13 Pin=J11-2
Added Pin To Net: NetName=PA14 Pin=J11-3
Added Pin To Net: NetName=TPTX+ Pin=J11-3
Added Pin To Net: NetName=GND Pin=J11-4
Added Pin To Net: NetName=TPTX- Pin=J11-4
Added Member To Class: ClassName=POWER Member=Component C1 0.33UF
Added Member To Class: ClassName=POWER Member=Component C99 10uF
Added Member To Class: ClassName=POWER Member=Component J11 Header 7
